nohup: ignoring input
INFO:     Will watch for changes in these directories: ['/home/luisz/projects/products']
INFO:     Uvicorn running on http://127.0.0.1:8000 (Press CTRL+C to quit)
INFO:     Started reloader process [16750] using StatReload
/home/luisz/projects/products/.venv/lib/python3.12/site-packages/xgboost/core.py:158: UserWarning: [11:07:58] WARNING: /workspace/src/collective/../data/../common/error_msg.h:80: If you are loading a serialized model (like pickle in Python, RDS in R) or
configuration generated by an older version of XGBoost, please export the model by calling
`Booster.save_model` from that version first, then load it back in current version. See:

    https://xgboost.readthedocs.io/en/stable/tutorials/saving_model.html

for more details about differences between saving model and serializing.

  warnings.warn(smsg, UserWarning)
INFO:     Started server process [16752]
INFO:     Waiting for application startup.
Encoders configurados.
✓ Target Encoding mappings carregados de ./models/te_mappings.pkl
  Total de 1145 mappings carregados
Modelo 'conta_corrente_new' espera 62 features.
Modelo XGBoost para 'conta_corrente_new' carregado de ./models/xgboost_conta_corrente_new.pkl.
Modelo 'recebimento_recibos_new' espera 62 features.
Modelo XGBoost para 'recebimento_recibos_new' carregado de ./models/xgboost_recebimento_recibos_new.pkl.
Modelo 'conta_terceiros_new' espera 62 features.
Modelo XGBoost para 'conta_terceiros_new' carregado de ./models/xgboost_conta_terceiros_new.pkl.
Modelo 'conta_nominal_new' espera 62 features.
Modelo XGBoost para 'conta_nominal_new' carregado de ./models/xgboost_conta_nominal_new.pkl.
Modelo 'conta_eletronica_new' espera 62 features.
Modelo XGBoost para 'conta_eletronica_new' carregado de ./models/xgboost_conta_eletronica_new.pkl.
2025-11-25 11:07:59,154 INFO sqlalchemy.engine.Engine BEGIN (implicit)
2025-11-25 11:07:59,154 INFO sqlalchemy.engine.Engine PRAGMA main.table_info("simulacao")
2025-11-25 11:07:59,155 INFO sqlalchemy.engine.Engine [raw sql] ()
2025-11-25 11:07:59,155 INFO sqlalchemy.engine.Engine COMMIT
INFO:     Application startup complete.
[DEBUG] preprocess - Input shape: (1, 24), columns: ['idade', 'renda_estimativa', 'antiguidade_meses', 'sexo', 'segmento_marketing', 'codigo_provincia', 'nome_provincia', 'canal_aquisicao', 'pais_residencia', 'tipo_relacionamento']...
INFO:     127.0.0.1:54438 - "POST /recomendar HTTP/1.1" 500 Internal Server Error
WARNING:  StatReload detected changes in 'main.py'. Reloading...
INFO:     Shutting down
INFO:     Waiting for application shutdown.
INFO:     Application shutdown complete.
INFO:     Finished server process [16752]
/home/luisz/projects/products/.venv/lib/python3.12/site-packages/xgboost/core.py:158: UserWarning: [11:08:36] WARNING: /workspace/src/collective/../data/../common/error_msg.h:80: If you are loading a serialized model (like pickle in Python, RDS in R) or
configuration generated by an older version of XGBoost, please export the model by calling
`Booster.save_model` from that version first, then load it back in current version. See:

    https://xgboost.readthedocs.io/en/stable/tutorials/saving_model.html

for more details about differences between saving model and serializing.

  warnings.warn(smsg, UserWarning)
INFO:     Started server process [17057]
INFO:     Waiting for application startup.
Encoders configurados.
✓ Target Encoding mappings carregados de ./models/te_mappings.pkl
  Total de 1145 mappings carregados
Modelo 'conta_corrente_new' espera 62 features.
Modelo XGBoost para 'conta_corrente_new' carregado de ./models/xgboost_conta_corrente_new.pkl.
Modelo 'recebimento_recibos_new' espera 62 features.
Modelo XGBoost para 'recebimento_recibos_new' carregado de ./models/xgboost_recebimento_recibos_new.pkl.
Modelo 'conta_terceiros_new' espera 62 features.
Modelo XGBoost para 'conta_terceiros_new' carregado de ./models/xgboost_conta_terceiros_new.pkl.
Modelo 'conta_nominal_new' espera 62 features.
Modelo XGBoost para 'conta_nominal_new' carregado de ./models/xgboost_conta_nominal_new.pkl.
Modelo 'conta_eletronica_new' espera 62 features.
Modelo XGBoost para 'conta_eletronica_new' carregado de ./models/xgboost_conta_eletronica_new.pkl.
2025-11-25 11:08:36,232 INFO sqlalchemy.engine.Engine BEGIN (implicit)
2025-11-25 11:08:36,232 INFO sqlalchemy.engine.Engine PRAGMA main.table_info("simulacao")
2025-11-25 11:08:36,232 INFO sqlalchemy.engine.Engine [raw sql] ()
2025-11-25 11:08:36,233 INFO sqlalchemy.engine.Engine COMMIT
INFO:     Application startup complete.
WARNING:  StatReload detected changes in 'main.py'. Reloading...
INFO:     Shutting down
INFO:     Waiting for application shutdown.
INFO:     Application shutdown complete.
INFO:     Finished server process [17057]
/home/luisz/projects/products/.venv/lib/python3.12/site-packages/xgboost/core.py:158: UserWarning: [11:08:45] WARNING: /workspace/src/collective/../data/../common/error_msg.h:80: If you are loading a serialized model (like pickle in Python, RDS in R) or
configuration generated by an older version of XGBoost, please export the model by calling
`Booster.save_model` from that version first, then load it back in current version. See:

    https://xgboost.readthedocs.io/en/stable/tutorials/saving_model.html

for more details about differences between saving model and serializing.

  warnings.warn(smsg, UserWarning)
INFO:     Started server process [17095]
INFO:     Waiting for application startup.
Encoders configurados.
✓ Target Encoding mappings carregados de ./models/te_mappings.pkl
  Total de 1145 mappings carregados
Modelo 'conta_corrente_new' espera 62 features.
Modelo XGBoost para 'conta_corrente_new' carregado de ./models/xgboost_conta_corrente_new.pkl.
Modelo 'recebimento_recibos_new' espera 62 features.
Modelo XGBoost para 'recebimento_recibos_new' carregado de ./models/xgboost_recebimento_recibos_new.pkl.
Modelo 'conta_terceiros_new' espera 62 features.
Modelo XGBoost para 'conta_terceiros_new' carregado de ./models/xgboost_conta_terceiros_new.pkl.
Modelo 'conta_nominal_new' espera 62 features.
Modelo XGBoost para 'conta_nominal_new' carregado de ./models/xgboost_conta_nominal_new.pkl.
Modelo 'conta_eletronica_new' espera 62 features.
Modelo XGBoost para 'conta_eletronica_new' carregado de ./models/xgboost_conta_eletronica_new.pkl.
2025-11-25 11:08:46,015 INFO sqlalchemy.engine.Engine BEGIN (implicit)
2025-11-25 11:08:46,016 INFO sqlalchemy.engine.Engine PRAGMA main.table_info("simulacao")
2025-11-25 11:08:46,016 INFO sqlalchemy.engine.Engine [raw sql] ()
2025-11-25 11:08:46,016 INFO sqlalchemy.engine.Engine COMMIT
INFO:     Application startup complete.
WARNING:  StatReload detected changes in 'main.py'. Reloading...
INFO:     Shutting down
INFO:     Waiting for application shutdown.
INFO:     Application shutdown complete.
INFO:     Finished server process [17095]
/home/luisz/projects/products/.venv/lib/python3.12/site-packages/xgboost/core.py:158: UserWarning: [11:08:57] WARNING: /workspace/src/collective/../data/../common/error_msg.h:80: If you are loading a serialized model (like pickle in Python, RDS in R) or
configuration generated by an older version of XGBoost, please export the model by calling
`Booster.save_model` from that version first, then load it back in current version. See:

    https://xgboost.readthedocs.io/en/stable/tutorials/saving_model.html

for more details about differences between saving model and serializing.

  warnings.warn(smsg, UserWarning)
INFO:     Started server process [17141]
INFO:     Waiting for application startup.
Encoders configurados.
✓ Target Encoding mappings carregados de ./models/te_mappings.pkl
  Total de 1145 mappings carregados
Modelo 'conta_corrente_new' espera 62 features.
Modelo XGBoost para 'conta_corrente_new' carregado de ./models/xgboost_conta_corrente_new.pkl.
Modelo 'recebimento_recibos_new' espera 62 features.
Modelo XGBoost para 'recebimento_recibos_new' carregado de ./models/xgboost_recebimento_recibos_new.pkl.
Modelo 'conta_terceiros_new' espera 62 features.
Modelo XGBoost para 'conta_terceiros_new' carregado de ./models/xgboost_conta_terceiros_new.pkl.
Modelo 'conta_nominal_new' espera 62 features.
Modelo XGBoost para 'conta_nominal_new' carregado de ./models/xgboost_conta_nominal_new.pkl.
Modelo 'conta_eletronica_new' espera 62 features.
Modelo XGBoost para 'conta_eletronica_new' carregado de ./models/xgboost_conta_eletronica_new.pkl.
2025-11-25 11:08:57,399 INFO sqlalchemy.engine.Engine BEGIN (implicit)
2025-11-25 11:08:57,400 INFO sqlalchemy.engine.Engine PRAGMA main.table_info("simulacao")
2025-11-25 11:08:57,400 INFO sqlalchemy.engine.Engine [raw sql] ()
2025-11-25 11:08:57,400 INFO sqlalchemy.engine.Engine COMMIT
INFO:     Application startup complete.
[DEBUG] preprocess - Input shape: (1, 24), columns: ['idade', 'renda_estimativa', 'antiguidade_meses', 'sexo', 'segmento_marketing', 'codigo_provincia', 'nome_provincia', 'canal_aquisicao', 'pais_residencia', 'tipo_relacionamento']...
[DEBUG] preprocess - Output shape: (1, 62), primeiras features: ['ativo_mes_passado', 'conta_corrente', 'conta_nominal', 'conta_terceiros', 'conta_eletronica']
DataFrame processado: shape=(1, 62), colunas=['ativo_mes_passado', 'conta_corrente', 'conta_nominal', 'conta_terceiros', 'conta_eletronica', 'conta_cobranca_recibos', 'recebimento_recibos', 'conta_corrente_prev', 'conta_eletronica_prev', 'conta_nominal_prev']...
Predição 'conta_corrente': 0.0002668969100341201
Predição 'recebimento_recibos': 0.0004268578195478767
Predição 'conta_terceiros': 0.0007504573441110551
Predição 'conta_nominal': 0.0009120117756538093
Predição 'conta_eletronica': 0.0011003472609445453
INFO:     127.0.0.1:59740 - "POST /recomendar HTTP/1.1" 200 OK
WARNING:  StatReload detected changes in 'test_model_direct.py'. Reloading...
INFO:     Shutting down
INFO:     Waiting for application shutdown.
INFO:     Application shutdown complete.
INFO:     Finished server process [17141]
/home/luisz/projects/products/.venv/lib/python3.12/site-packages/xgboost/core.py:158: UserWarning: [11:09:59] WARNING: /workspace/src/collective/../data/../common/error_msg.h:80: If you are loading a serialized model (like pickle in Python, RDS in R) or
configuration generated by an older version of XGBoost, please export the model by calling
`Booster.save_model` from that version first, then load it back in current version. See:

    https://xgboost.readthedocs.io/en/stable/tutorials/saving_model.html

for more details about differences between saving model and serializing.

  warnings.warn(smsg, UserWarning)
INFO:     Started server process [17423]
INFO:     Waiting for application startup.
Encoders configurados.
✓ Target Encoding mappings carregados de ./models/te_mappings.pkl
  Total de 1145 mappings carregados
Modelo 'conta_corrente_new' espera 62 features.
Modelo XGBoost para 'conta_corrente_new' carregado de ./models/xgboost_conta_corrente_new.pkl.
Modelo 'recebimento_recibos_new' espera 62 features.
Modelo XGBoost para 'recebimento_recibos_new' carregado de ./models/xgboost_recebimento_recibos_new.pkl.
Modelo 'conta_terceiros_new' espera 62 features.
Modelo XGBoost para 'conta_terceiros_new' carregado de ./models/xgboost_conta_terceiros_new.pkl.
Modelo 'conta_nominal_new' espera 62 features.
Modelo XGBoost para 'conta_nominal_new' carregado de ./models/xgboost_conta_nominal_new.pkl.
Modelo 'conta_eletronica_new' espera 62 features.
Modelo XGBoost para 'conta_eletronica_new' carregado de ./models/xgboost_conta_eletronica_new.pkl.
2025-11-25 11:09:59,042 INFO sqlalchemy.engine.Engine BEGIN (implicit)
2025-11-25 11:09:59,042 INFO sqlalchemy.engine.Engine PRAGMA main.table_info("simulacao")
2025-11-25 11:09:59,042 INFO sqlalchemy.engine.Engine [raw sql] ()
2025-11-25 11:09:59,043 INFO sqlalchemy.engine.Engine COMMIT
INFO:     Application startup complete.
[DEBUG] preprocess - Input shape: (1, 24), columns: ['idade', 'renda_estimativa', 'antiguidade_meses', 'sexo', 'segmento_marketing', 'codigo_provincia', 'nome_provincia', 'canal_aquisicao', 'pais_residencia', 'tipo_relacionamento']...
[DEBUG] preprocess - Output shape: (1, 62), primeiras features: ['ativo_mes_passado', 'conta_corrente', 'conta_nominal', 'conta_terceiros', 'conta_eletronica']
DataFrame processado: shape=(1, 62), colunas=['ativo_mes_passado', 'conta_corrente', 'conta_nominal', 'conta_terceiros', 'conta_eletronica', 'conta_cobranca_recibos', 'recebimento_recibos', 'conta_corrente_prev', 'conta_eletronica_prev', 'conta_nominal_prev']...
Predição 'conta_corrente': 0.00031562280491925776
Predição 'recebimento_recibos': 0.0004863193607889116
Predição 'conta_terceiros': 0.0005635842680931091
Predição 'conta_nominal': 0.0010687189642339945
Predição 'conta_eletronica': 0.000897226098459214
INFO:     127.0.0.1:34216 - "POST /recomendar HTTP/1.1" 200 OK
WARNING:  StatReload detected changes in 'test_model_direct.py'. Reloading...
INFO:     Shutting down
INFO:     Waiting for application shutdown.
INFO:     Application shutdown complete.
INFO:     Finished server process [17423]
/home/luisz/projects/products/.venv/lib/python3.12/site-packages/xgboost/core.py:158: UserWarning: [11:12:06] WARNING: /workspace/src/collective/../data/../common/error_msg.h:80: If you are loading a serialized model (like pickle in Python, RDS in R) or
configuration generated by an older version of XGBoost, please export the model by calling
`Booster.save_model` from that version first, then load it back in current version. See:

    https://xgboost.readthedocs.io/en/stable/tutorials/saving_model.html

for more details about differences between saving model and serializing.

  warnings.warn(smsg, UserWarning)
INFO:     Started server process [17933]
INFO:     Waiting for application startup.
Encoders configurados.
✓ Target Encoding mappings carregados de ./models/te_mappings.pkl
  Total de 1145 mappings carregados
Modelo 'conta_corrente_new' espera 62 features.
Modelo XGBoost para 'conta_corrente_new' carregado de ./models/xgboost_conta_corrente_new.pkl.
Modelo 'recebimento_recibos_new' espera 62 features.
Modelo XGBoost para 'recebimento_recibos_new' carregado de ./models/xgboost_recebimento_recibos_new.pkl.
Modelo 'conta_terceiros_new' espera 62 features.
Modelo XGBoost para 'conta_terceiros_new' carregado de ./models/xgboost_conta_terceiros_new.pkl.
Modelo 'conta_nominal_new' espera 62 features.
Modelo XGBoost para 'conta_nominal_new' carregado de ./models/xgboost_conta_nominal_new.pkl.
Modelo 'conta_eletronica_new' espera 62 features.
Modelo XGBoost para 'conta_eletronica_new' carregado de ./models/xgboost_conta_eletronica_new.pkl.
2025-11-25 11:12:06,321 INFO sqlalchemy.engine.Engine BEGIN (implicit)
2025-11-25 11:12:06,321 INFO sqlalchemy.engine.Engine PRAGMA main.table_info("simulacao")
2025-11-25 11:12:06,321 INFO sqlalchemy.engine.Engine [raw sql] ()
2025-11-25 11:12:06,322 INFO sqlalchemy.engine.Engine COMMIT
INFO:     Application startup complete.
WARNING:  StatReload detected changes in 'export_te_mappings.py'. Reloading...
INFO:     Shutting down
INFO:     Waiting for application shutdown.
INFO:     Application shutdown complete.
INFO:     Finished server process [17933]
/home/luisz/projects/products/.venv/lib/python3.12/site-packages/xgboost/core.py:158: UserWarning: [11:12:07] WARNING: /workspace/src/collective/../data/../common/error_msg.h:80: If you are loading a serialized model (like pickle in Python, RDS in R) or
configuration generated by an older version of XGBoost, please export the model by calling
`Booster.save_model` from that version first, then load it back in current version. See:

    https://xgboost.readthedocs.io/en/stable/tutorials/saving_model.html

for more details about differences between saving model and serializing.

  warnings.warn(smsg, UserWarning)
INFO:     Started server process [17953]
INFO:     Waiting for application startup.
Encoders configurados.
✓ Target Encoding mappings carregados de ./models/te_mappings.pkl
  Total de 1145 mappings carregados
Modelo 'conta_corrente_new' espera 62 features.
Modelo XGBoost para 'conta_corrente_new' carregado de ./models/xgboost_conta_corrente_new.pkl.
Modelo 'recebimento_recibos_new' espera 62 features.
Modelo XGBoost para 'recebimento_recibos_new' carregado de ./models/xgboost_recebimento_recibos_new.pkl.
Modelo 'conta_terceiros_new' espera 62 features.
Modelo XGBoost para 'conta_terceiros_new' carregado de ./models/xgboost_conta_terceiros_new.pkl.
Modelo 'conta_nominal_new' espera 62 features.
Modelo XGBoost para 'conta_nominal_new' carregado de ./models/xgboost_conta_nominal_new.pkl.
Modelo 'conta_eletronica_new' espera 62 features.
Modelo XGBoost para 'conta_eletronica_new' carregado de ./models/xgboost_conta_eletronica_new.pkl.
2025-11-25 11:12:07,750 INFO sqlalchemy.engine.Engine BEGIN (implicit)
2025-11-25 11:12:07,750 INFO sqlalchemy.engine.Engine PRAGMA main.table_info("simulacao")
2025-11-25 11:12:07,751 INFO sqlalchemy.engine.Engine [raw sql] ()
2025-11-25 11:12:07,751 INFO sqlalchemy.engine.Engine COMMIT
INFO:     Application startup complete.
[DEBUG] preprocess - Input shape: (1, 24), columns: ['idade', 'renda_estimativa', 'antiguidade_meses', 'sexo', 'segmento_marketing', 'codigo_provincia', 'nome_provincia', 'canal_aquisicao', 'pais_residencia', 'tipo_relacionamento']...
[DEBUG] preprocess - Output shape: (1, 62), primeiras features: ['ativo_mes_passado', 'conta_corrente', 'conta_nominal', 'conta_terceiros', 'conta_eletronica']
DataFrame processado: shape=(1, 62), colunas=['ativo_mes_passado', 'conta_corrente', 'conta_nominal', 'conta_terceiros', 'conta_eletronica', 'conta_cobranca_recibos', 'recebimento_recibos', 'conta_corrente_prev', 'conta_eletronica_prev', 'conta_nominal_prev']...
Predição 'conta_corrente': 0.0002917450328823179
Predição 'recebimento_recibos': 0.00044448120752349496
Predição 'conta_terceiros': 0.00091991649242118
Predição 'conta_nominal': 0.0009120117756538093
Predição 'conta_eletronica': 0.0009962331969290972
INFO:     127.0.0.1:38746 - "POST /recomendar HTTP/1.1" 200 OK
[DEBUG] preprocess - Input shape: (1, 24), columns: ['idade', 'renda_estimativa', 'antiguidade_meses', 'sexo', 'segmento_marketing', 'codigo_provincia', 'nome_provincia', 'canal_aquisicao', 'pais_residencia', 'tipo_relacionamento']...
[DEBUG] preprocess - Output shape: (1, 62), primeiras features: ['ativo_mes_passado', 'conta_corrente', 'conta_nominal', 'conta_terceiros', 'conta_eletronica']
DataFrame processado: shape=(1, 62), colunas=['ativo_mes_passado', 'conta_corrente', 'conta_nominal', 'conta_terceiros', 'conta_eletronica', 'conta_cobranca_recibos', 'recebimento_recibos', 'conta_corrente_prev', 'conta_eletronica_prev', 'conta_nominal_prev']...
Predição 'conta_corrente': 0.00026130315382033587
Predição 'recebimento_recibos': 0.0004268578195478767
Predição 'conta_terceiros': 0.000733483349904418
Predição 'conta_nominal': 0.0008928060415200889
Predição 'conta_eletronica': 0.0010384450433775783
INFO:     127.0.0.1:48668 - "POST /recomendar HTTP/1.1" 200 OK
[DEBUG] preprocess - Input shape: (1, 24), columns: ['idade', 'renda_estimativa', 'antiguidade_meses', 'sexo', 'segmento_marketing', 'codigo_provincia', 'nome_provincia', 'canal_aquisicao', 'pais_residencia', 'tipo_relacionamento']...
[DEBUG] preprocess - Output shape: (1, 62), primeiras features: ['ativo_mes_passado', 'conta_corrente', 'conta_nominal', 'conta_terceiros', 'conta_eletronica']
DataFrame processado: shape=(1, 62), colunas=['ativo_mes_passado', 'conta_corrente', 'conta_nominal', 'conta_terceiros', 'conta_eletronica', 'conta_cobranca_recibos', 'recebimento_recibos', 'conta_corrente_prev', 'conta_eletronica_prev', 'conta_nominal_prev']...
Predição 'conta_corrente': 0.0002917450328823179
Predição 'recebimento_recibos': 0.00044448120752349496
Predição 'conta_terceiros': 0.00091991649242118
Predição 'conta_nominal': 0.0009120117756538093
Predição 'conta_eletronica': 0.0009962331969290972
INFO:     127.0.0.1:48672 - "POST /recomendar HTTP/1.1" 200 OK
[DEBUG] preprocess - Input shape: (1, 24), columns: ['idade', 'renda_estimativa', 'antiguidade_meses', 'sexo', 'segmento_marketing', 'codigo_provincia', 'nome_provincia', 'canal_aquisicao', 'pais_residencia', 'tipo_relacionamento']...
[DEBUG] preprocess - Output shape: (1, 62), primeiras features: ['ativo_mes_passado', 'conta_corrente', 'conta_nominal', 'conta_terceiros', 'conta_eletronica']
DataFrame processado: shape=(1, 62), colunas=['ativo_mes_passado', 'conta_corrente', 'conta_nominal', 'conta_terceiros', 'conta_eletronica', 'conta_cobranca_recibos', 'recebimento_recibos', 'conta_corrente_prev', 'conta_eletronica_prev', 'conta_nominal_prev']...
Predição 'conta_corrente': 0.00026130315382033587
Predição 'recebimento_recibos': 0.0004268578195478767
Predição 'conta_terceiros': 0.000733483349904418
Predição 'conta_nominal': 0.0008928060415200889
Predição 'conta_eletronica': 0.0010384450433775783
INFO:     127.0.0.1:49978 - "POST /recomendar HTTP/1.1" 200 OK
[DEBUG] preprocess - Input shape: (1, 24), columns: ['idade', 'renda_estimativa', 'antiguidade_meses', 'sexo', 'segmento_marketing', 'codigo_provincia', 'nome_provincia', 'canal_aquisicao', 'pais_residencia', 'tipo_relacionamento']...
[DEBUG] preprocess - Output shape: (1, 62), primeiras features: ['ativo_mes_passado', 'conta_corrente', 'conta_nominal', 'conta_terceiros', 'conta_eletronica']
DataFrame processado: shape=(1, 62), colunas=['ativo_mes_passado', 'conta_corrente', 'conta_nominal', 'conta_terceiros', 'conta_eletronica', 'conta_cobranca_recibos', 'recebimento_recibos', 'conta_corrente_prev', 'conta_eletronica_prev', 'conta_nominal_prev']...
Predição 'conta_corrente': 0.0002917450328823179
Predição 'recebimento_recibos': 0.00044448120752349496
Predição 'conta_terceiros': 0.00091991649242118
Predição 'conta_nominal': 0.0009120117756538093
Predição 'conta_eletronica': 0.0009962331969290972
INFO:     127.0.0.1:49994 - "POST /recomendar HTTP/1.1" 200 OK
[DEBUG] preprocess - Input shape: (1, 24), columns: ['idade', 'renda_estimativa', 'antiguidade_meses', 'sexo', 'segmento_marketing', 'codigo_provincia', 'nome_provincia', 'canal_aquisicao', 'pais_residencia', 'tipo_relacionamento']...
[DEBUG] preprocess - Output shape: (1, 62), primeiras features: ['ativo_mes_passado', 'conta_corrente', 'conta_nominal', 'conta_terceiros', 'conta_eletronica']
DataFrame processado: shape=(1, 62), colunas=['ativo_mes_passado', 'conta_corrente', 'conta_nominal', 'conta_terceiros', 'conta_eletronica', 'conta_cobranca_recibos', 'recebimento_recibos', 'conta_corrente_prev', 'conta_eletronica_prev', 'conta_nominal_prev']...
Predição 'conta_corrente': 0.00026130315382033587
Predição 'recebimento_recibos': 0.0004268578195478767
Predição 'conta_terceiros': 0.000733483349904418
Predição 'conta_nominal': 0.0008928060415200889
Predição 'conta_eletronica': 0.0010384450433775783
INFO:     127.0.0.1:50002 - "POST /recomendar HTTP/1.1" 200 OK
[DEBUG] preprocess - Input shape: (1, 24), columns: ['idade', 'renda_estimativa', 'antiguidade_meses', 'sexo', 'segmento_marketing', 'codigo_provincia', 'nome_provincia', 'canal_aquisicao', 'pais_residencia', 'tipo_relacionamento']...
[DEBUG] preprocess - Output shape: (1, 62), primeiras features: ['ativo_mes_passado', 'conta_corrente', 'conta_nominal', 'conta_terceiros', 'conta_eletronica']
DataFrame processado: shape=(1, 62), colunas=['ativo_mes_passado', 'conta_corrente', 'conta_nominal', 'conta_terceiros', 'conta_eletronica', 'conta_cobranca_recibos', 'recebimento_recibos', 'conta_corrente_prev', 'conta_eletronica_prev', 'conta_nominal_prev']...
Predição 'conta_corrente': 0.0002917450328823179
Predição 'recebimento_recibos': 0.00044448120752349496
Predição 'conta_terceiros': 0.00091991649242118
Predição 'conta_nominal': 0.0009120117756538093
Predição 'conta_eletronica': 0.0009962331969290972
INFO:     127.0.0.1:43348 - "POST /recomendar HTTP/1.1" 200 OK
[DEBUG] preprocess - Input shape: (1, 24), columns: ['idade', 'renda_estimativa', 'antiguidade_meses', 'sexo', 'segmento_marketing', 'codigo_provincia', 'nome_provincia', 'canal_aquisicao', 'pais_residencia', 'tipo_relacionamento']...
[DEBUG] preprocess - Output shape: (1, 62), primeiras features: ['ativo_mes_passado', 'conta_corrente', 'conta_nominal', 'conta_terceiros', 'conta_eletronica']
DataFrame processado: shape=(1, 62), colunas=['ativo_mes_passado', 'conta_corrente', 'conta_nominal', 'conta_terceiros', 'conta_eletronica', 'conta_cobranca_recibos', 'recebimento_recibos', 'conta_corrente_prev', 'conta_eletronica_prev', 'conta_nominal_prev']...
Predição 'conta_corrente': 0.0002810379664879292
Predição 'recebimento_recibos': 0.008234177716076374
Predição 'conta_terceiros': 0.00091991649242118
Predição 'conta_nominal': 0.0010063559748232365
Predição 'conta_eletronica': 0.001078399596735835
INFO:     127.0.0.1:48840 - "POST /recomendar HTTP/1.1" 200 OK
